2026-04-27 13:36:18 | INFO | User 'user' logged in as User
2026-04-27 13:36:18 | INFO | [user] selected mode: Trained data
2026-04-27 13:36:18 | INFO | [user] selected model: Isolation Forest
2026-04-27 13:36:25 | INFO | User 'user' logged in as User
2026-04-27 13:36:25 | INFO | [user] selected mode: Upload
2026-04-27 13:36:25 | INFO | [user] selected model: Isolation Forest
2026-04-27 13:36:33 | INFO | User 'user' logged in as User
2026-04-27 13:36:33 | INFO | [user] selected mode: Upload
2026-04-27 13:36:33 | INFO | [user] selected model: Isolation Forest
2026-04-27 13:36:33 | INFO | File uploaded: bank_transactions_data_2.csv (2512 rows)
2026-04-27 13:36:33 | INFO | Pipeline executed: 2512 transactions processed using Isolation Forest
2026-04-27 20:26:35 | INFO | User 'user' logged in as User
2026-04-27 20:26:35 | INFO | [user] selected mode: Trained data
2026-04-27 20:26:35 | INFO | [user] selected model: Isolation Forest
2026-04-27 20:26:35 | INFO | User 'user' logged in as User
2026-04-27 20:26:35 | INFO | [user] selected mode: Trained data
2026-04-27 20:26:35 | INFO | [user] selected model: Isolation Forest
2026-04-27 20:26:41 | INFO | User 'user' logged in as User
2026-04-27 20:26:41 | INFO | [user] selected mode: Trained data
2026-04-27 20:26:41 | INFO | [user] selected model: Isolation Forest
2026-04-27 20:26:52 | INFO | User 'admin' logged in as Admin
2026-04-27 20:26:52 | INFO | [admin] selected mode: Trained data
2026-04-27 20:26:52 | INFO | [admin] selected model: Isolation Forest
2026-04-27 20:26:52 | INFO | User 'admin' logged in as Admin
2026-04-27 20:26:52 | INFO | [admin] selected mode: Trained data
2026-04-27 20:26:52 | INFO | [admin] selected model: Isolation Forest
2026-04-27 20:26:53 | INFO | User 'admin' logged in as Admin
2026-04-27 20:26:53 | INFO | [admin] selected mode: Trained data
2026-04-27 20:26:53 | INFO | [admin] selected model: Isolation Forest
2026-04-27 20:27:03 | INFO | User 'admin' logged in as Admin
2026-04-27 20:27:03 | INFO | [admin] selected mode: Trained data
2026-04-27 20:27:03 | INFO | [admin] selected model: Isolation Forest
2026-04-27 20:27:07 | INFO | User 'admin' logged in as Admin
2026-04-27 20:27:07 | INFO | [admin] selected mode: Trained data
2026-04-27 20:27:07 | INFO | [admin] selected model: Isolation Forest
2026-04-27 20:27:07 | INFO | Retraining started
2026-04-27 20:27:07 | INFO | Combined dataset: 2512 old + 2512 new = 5024 total
2026-04-27 20:27:07 | INFO | Training new Isolation Forest...
2026-04-27 20:27:08 | INFO | Training new Autoencoder...
2026-04-27 20:27:26 | INFO | Retraining completed: {'test_size': 1005, 'old_iso_flagged': 53, 'new_iso_flagged': 57, 'old_iso_pct': np.float64(5.27), 'new_iso_pct': np.float64(5.67), 'new_ae_flagged': 51, 'new_ae_pct': np.float64(5.07), 'training_samples': 4019}
2026-04-27 20:27:26 | INFO | [admin] triggered retraining successfully
2026-04-27 20:29:11 | INFO | User 'admin' logged in as Admin
2026-04-27 20:29:11 | INFO | [admin] selected mode: Trained data
2026-04-27 20:29:11 | INFO | [admin] selected model: Isolation Forest
2026-04-27 20:29:12 | INFO | Committing new models...
2026-04-27 20:29:12 | INFO | New models deployed. Old models backed up to models/saved_models/backups/2026-04-27_20-29-12
2026-04-27 20:29:12 | INFO | [admin] saved new models. Backup: models/saved_models/backups/2026-04-27_20-29-12
2026-04-27 20:29:12 | INFO | User 'admin' logged in as Admin
2026-04-27 20:29:12 | INFO | [admin] selected mode: Trained data
2026-04-27 20:29:12 | INFO | [admin] selected model: Isolation Forest
2026-04-27 20:30:25 | INFO | User 'admin' logged in as Admin
2026-04-27 20:30:25 | INFO | [admin] selected mode: Trained data
2026-04-27 20:30:25 | INFO | [admin] selected model: Isolation Forest
2026-04-27 20:30:44 | INFO | User 'admin' logged in as Admin
2026-04-27 20:30:44 | INFO | [admin] selected mode: Trained data
2026-04-27 20:30:44 | INFO | [admin] selected model: Isolation Forest
2026-04-27 20:30:59 | INFO | User 'admin' logged in as Admin
2026-04-27 20:30:59 | INFO | [admin] selected mode: Trained data
2026-04-27 20:30:59 | INFO | [admin] selected model: Isolation Forest
2026-04-27 20:31:20 | INFO | User 'admin' logged in as Admin
2026-04-27 20:31:20 | INFO | [admin] selected mode: Upload
2026-04-27 20:31:20 | INFO | [admin] selected model: Isolation Forest
2026-04-27 20:31:23 | INFO | User 'admin' logged in as Admin
2026-04-27 20:31:23 | INFO | [admin] selected mode: Trained data
2026-04-27 20:31:23 | INFO | [admin] selected model: Isolation Forest
2026-04-27 20:31:26 | INFO | User 'admin' logged in as Admin
2026-04-27 20:31:26 | INFO | [admin] selected mode: Trained data
2026-04-27 20:31:26 | INFO | [admin] selected model: Isolation Forest
2026-04-27 20:31:35 | INFO | User 'user' logged in as User
2026-04-27 20:31:35 | INFO | [user] selected mode: Trained data
2026-04-27 20:31:35 | INFO | [user] selected model: Isolation Forest
2026-04-27 20:31:36 | INFO | User 'user' logged in as User
2026-04-27 20:31:36 | INFO | [user] selected mode: Trained data
2026-04-27 20:31:36 | INFO | [user] selected model: Isolation Forest
2026-04-27 20:31:36 | INFO | User 'user' logged in as User
2026-04-27 20:31:36 | INFO | [user] selected mode: Trained data
2026-04-27 20:31:36 | INFO | [user] selected model: Isolation Forest
2026-04-27 20:36:52 | INFO | User 'user' logged in as User
2026-04-27 20:36:52 | INFO | [user] selected mode: Trained data
2026-04-27 20:36:52 | INFO | [user] selected model: Isolation Forest
2026-04-27 20:36:53 | INFO | User 'user' logged in as User
2026-04-27 20:36:53 | INFO | [user] selected mode: Trained data
2026-04-27 20:36:53 | INFO | [user] selected model: Isolation Forest
2026-04-27 20:36:59 | INFO | User 'user' logged in as User
2026-04-27 20:36:59 | INFO | [user] selected mode: Trained data
2026-04-27 20:36:59 | INFO | [user] selected model: Isolation Forest
2026-04-27 20:37:09 | INFO | User 'user' logged in as User
2026-04-27 20:37:09 | INFO | [user] selected mode: Trained data
2026-04-27 20:37:09 | INFO | [user] selected model: Isolation Forest
2026-04-27 20:37:09 | INFO | User 'user' logged in as User
2026-04-27 20:37:09 | INFO | [user] selected mode: Trained data
2026-04-27 20:37:09 | INFO | [user] selected model: Isolation Forest
2026-04-27 20:37:09 | INFO | User 'user' logged in as User
2026-04-27 20:37:09 | INFO | [user] selected mode: Trained data
2026-04-27 20:37:09 | INFO | [user] selected model: Isolation Forest
2026-04-27 20:37:30 | INFO | User 'user' logged in as User
2026-04-27 20:37:30 | INFO | [user] selected mode: Upload
2026-04-27 20:37:30 | INFO | [user] selected model: Isolation Forest
2026-04-27 20:37:34 | INFO | User 'user' logged in as User
2026-04-27 20:37:34 | INFO | [user] selected mode: Upload
2026-04-27 20:37:34 | INFO | [user] selected model: Isolation Forest
2026-04-27 20:37:44 | INFO | User 'admin' logged in as Admin
2026-04-27 20:37:44 | INFO | [admin] selected mode: Upload
2026-04-27 20:37:44 | INFO | [admin] selected model: Isolation Forest
2026-04-27 20:37:45 | INFO | User 'admin' logged in as Admin
2026-04-27 20:37:45 | INFO | [admin] selected mode: Trained data
2026-04-27 20:37:45 | INFO | [admin] selected model: Isolation Forest
2026-04-27 20:37:45 | INFO | User 'admin' logged in as Admin
2026-04-27 20:37:45 | INFO | [admin] selected mode: Trained data
2026-04-27 20:37:45 | INFO | [admin] selected model: Isolation Forest
2026-04-27 20:38:04 | INFO | User 'admin' logged in as Admin
2026-04-27 20:38:04 | INFO | [admin] selected mode: Trained data
2026-04-27 20:38:04 | INFO | [admin] selected model: Isolation Forest
2026-04-27 20:38:32 | INFO | User 'admin' logged in as Admin
2026-04-27 20:38:32 | INFO | [admin] selected mode: Trained data
2026-04-27 20:38:32 | INFO | [admin] selected model: Isolation Forest
