2026-04-26 00:37:18 | INFO | User selected mode: Trained data
2026-04-26 00:37:18 | INFO | Model selected: Isolation Forest
2026-04-26 00:37:48 | INFO | User selected mode: Trained data
2026-04-26 00:37:48 | INFO | Model selected: Isolation Forest
2026-04-26 00:37:54 | INFO | User selected mode: Trained data
2026-04-26 00:37:54 | INFO | Model selected: Isolation Forest
2026-04-26 00:37:59 | INFO | User selected mode: Trained data
2026-04-26 00:37:59 | INFO | Model selected: Isolation Forest
2026-04-26 00:38:03 | INFO | User selected mode: Trained data
2026-04-26 00:38:03 | INFO | Model selected: Isolation Forest
2026-04-26 00:38:10 | INFO | User selected mode: Trained data
2026-04-26 00:38:10 | INFO | Model selected: Isolation Forest
2026-04-26 00:39:28 | INFO | User selected mode: Trained data
2026-04-26 00:39:28 | INFO | Model selected: Isolation Forest
2026-04-26 00:39:32 | INFO | User selected mode: Trained data
2026-04-26 00:39:32 | INFO | Model selected: Isolation Forest
2026-04-26 00:39:35 | INFO | User selected mode: Trained data
2026-04-26 00:39:35 | INFO | Model selected: Isolation Forest
2026-04-26 00:40:11 | INFO | User selected mode: Trained data
2026-04-26 00:40:11 | INFO | Model selected: Autoencoder
2026-04-26 00:40:19 | INFO | User selected mode: Trained data
2026-04-26 00:40:19 | INFO | Model selected: Isolation Forest
2026-04-26 00:40:22 | INFO | User selected mode: Trained data
2026-04-26 00:40:22 | INFO | Model selected: Autoencoder
2026-04-26 00:40:57 | INFO | User selected mode: Upload
2026-04-26 00:40:57 | INFO | Model selected: Autoencoder
2026-04-26 00:41:29 | INFO | User selected mode: Upload
2026-04-26 00:41:29 | INFO | Model selected: Autoencoder
2026-04-26 00:41:29 | INFO | File uploaded: bank_transactions_data_2.csv (2512 rows)
2026-04-26 00:41:29 | INFO | Pipeline executed: 2512 transactions processed using Autoencoder
2026-04-26 00:42:37 | INFO | User selected mode: Upload
2026-04-26 00:42:37 | INFO | Model selected: Autoencoder
2026-04-26 00:42:37 | INFO | File uploaded: bank_transactions_data_2.csv (2512 rows)
2026-04-26 00:42:37 | INFO | Pipeline executed: 2512 transactions processed using Autoencoder
2026-04-26 00:42:46 | INFO | User selected mode: Upload
2026-04-26 00:42:46 | INFO | Model selected: Autoencoder
2026-04-26 00:42:46 | INFO | File uploaded: bank_transactions_data_2.csv (2512 rows)
2026-04-26 00:42:46 | INFO | Pipeline executed: 2512 transactions processed using Autoencoder
2026-04-26 00:43:01 | INFO | User selected mode: Upload
2026-04-26 00:43:01 | INFO | Model selected: Autoencoder
2026-04-26 00:43:01 | INFO | File uploaded: bank_transactions_data_2.csv (2512 rows)
2026-04-26 00:43:01 | INFO | Pipeline executed: 2512 transactions processed using Autoencoder
2026-04-26 01:01:39 | INFO | User selected mode: Trained data
2026-04-26 01:01:39 | INFO | Model selected: Isolation Forest
2026-04-26 01:01:56 | INFO | User selected mode: Trained data
2026-04-26 01:01:56 | INFO | Model selected: Isolation Forest
2026-04-26 01:02:02 | INFO | User selected mode: Trained data
2026-04-26 01:02:02 | INFO | Model selected: Isolation Forest
2026-04-26 01:02:14 | INFO | User selected mode: Trained data
2026-04-26 01:02:14 | INFO | Model selected: Isolation Forest
2026-04-26 01:02:33 | INFO | User selected mode: Trained data
2026-04-26 01:02:33 | INFO | Model selected: Isolation Forest
2026-04-26 01:02:48 | INFO | User selected mode: Upload
2026-04-26 01:02:48 | INFO | Model selected: Isolation Forest
2026-04-26 01:02:51 | INFO | User selected mode: Upload
2026-04-26 01:02:51 | INFO | Model selected: Autoencoder
2026-04-26 01:03:00 | INFO | User selected mode: Upload
2026-04-26 01:03:00 | INFO | Model selected: Autoencoder
2026-04-26 01:03:00 | INFO | File uploaded: AI_Symptom_Checker_Dataset.csv (1000 rows)
2026-04-26 01:03:00 | ERROR | Upload failed - missing columns: ['TransactionID', 'AccountID', 'TransactionAmount', 'TransactionDate', 'TransactionType', 'Location', 'DeviceID', 'IP Address', 'MerchantID', 'Channel', 'CustomerAge', 'CustomerOccupation', 'TransactionDuration', 'LoginAttempts', 'AccountBalance', 'PreviousTransactionDate']
2026-04-26 01:06:58 | INFO | User selected mode: Upload
2026-04-26 01:06:58 | INFO | Model selected: Autoencoder
2026-04-26 01:07:03 | INFO | User selected mode: Trained data
2026-04-26 01:07:03 | INFO | Model selected: Autoencoder
2026-04-26 01:08:50 | INFO | User selected mode: Trained data
2026-04-26 01:08:50 | INFO | Model selected: Isolation Forest
2026-04-26 01:36:50 | INFO | User selected mode: Trained data
2026-04-26 01:36:50 | INFO | Model selected: Isolation Forest
2026-04-26 01:37:53 | INFO | User selected mode: Trained data
2026-04-26 01:37:53 | INFO | Model selected: Isolation Forest
2026-04-26 01:41:41 | INFO | User 'admin' logged in as Admin
2026-04-26 01:41:41 | INFO | [admin] selected mode: Trained data
2026-04-26 01:41:41 | INFO | [admin] selected model: Isolation Forest
2026-04-26 01:41:42 | INFO | User 'admin' logged in as Admin
2026-04-26 01:41:42 | INFO | [admin] selected mode: Trained data
2026-04-26 01:41:42 | INFO | [admin] selected model: Isolation Forest
2026-04-26 01:41:42 | INFO | User 'admin' logged in as Admin
2026-04-26 01:41:42 | INFO | [admin] selected mode: Trained data
2026-04-26 01:41:42 | INFO | [admin] selected model: Isolation Forest
2026-04-26 01:42:16 | INFO | User 'admin' logged in as Admin
2026-04-26 01:42:16 | INFO | [admin] selected mode: Trained data
2026-04-26 01:42:16 | INFO | [admin] selected model: Isolation Forest
2026-04-26 01:42:31 | WARNING | Failed login attempt for username: None
2026-04-26 01:42:49 | WARNING | Failed login attempt for username: None
2026-04-26 01:42:51 | WARNING | Failed login attempt for username: None
2026-04-26 01:42:55 | WARNING | Failed login attempt for username: None
2026-04-26 01:43:01 | WARNING | Failed login attempt for username: None
2026-04-26 01:43:14 | INFO | User 'analyst' logged in as User
2026-04-26 01:43:14 | INFO | [analyst] selected mode: Trained data
2026-04-26 01:43:14 | INFO | [analyst] selected model: Isolation Forest
2026-04-26 01:43:14 | INFO | User 'analyst' logged in as User
2026-04-26 01:43:14 | INFO | [analyst] selected mode: Trained data
2026-04-26 01:43:14 | INFO | [analyst] selected model: Isolation Forest
2026-04-26 01:43:14 | INFO | User 'analyst' logged in as User
2026-04-26 01:43:14 | INFO | [analyst] selected mode: Trained data
2026-04-26 01:43:14 | INFO | [analyst] selected model: Isolation Forest
2026-04-26 01:43:30 | INFO | User 'analyst' logged in as User
2026-04-26 01:43:30 | INFO | [analyst] selected mode: Trained data
2026-04-26 01:43:30 | INFO | [analyst] selected model: Isolation Forest
2026-04-26 01:47:16 | INFO | User 'admin' logged in as Admin
2026-04-26 01:47:16 | INFO | [admin] selected mode: Trained data
2026-04-26 01:47:16 | INFO | [admin] selected model: Isolation Forest
2026-04-26 01:47:16 | INFO | User 'admin' logged in as Admin
2026-04-26 01:47:16 | INFO | [admin] selected mode: Trained data
2026-04-26 01:47:16 | INFO | [admin] selected model: Isolation Forest
2026-04-26 01:47:17 | INFO | User 'admin' logged in as Admin
2026-04-26 01:47:17 | INFO | [admin] selected mode: Trained data
2026-04-26 01:47:17 | INFO | [admin] selected model: Isolation Forest
2026-04-26 01:47:35 | INFO | User 'admin' logged in as Admin
2026-04-26 01:47:35 | INFO | [admin] selected mode: Trained data
2026-04-26 01:47:35 | INFO | [admin] selected model: Isolation Forest
2026-04-26 01:47:51 | WARNING | Failed login attempt for username: None
2026-04-26 01:48:14 | WARNING | Failed login attempt for username: None
2026-04-26 01:48:22 | INFO | User 'analyst' logged in as User
2026-04-26 01:48:22 | INFO | [analyst] selected mode: Trained data
2026-04-26 01:48:22 | INFO | [analyst] selected model: Isolation Forest
2026-04-26 01:48:22 | INFO | User 'analyst' logged in as User
2026-04-26 01:48:22 | INFO | [analyst] selected mode: Trained data
2026-04-26 01:48:22 | INFO | [analyst] selected model: Isolation Forest
2026-04-26 01:48:22 | INFO | User 'analyst' logged in as User
2026-04-26 01:48:22 | INFO | [analyst] selected mode: Trained data
2026-04-26 01:48:22 | INFO | [analyst] selected model: Isolation Forest
2026-04-26 01:49:24 | INFO | User 'analyst' logged in as User
2026-04-26 01:49:24 | INFO | [analyst] selected mode: Trained data
2026-04-26 01:49:24 | INFO | [analyst] selected model: Isolation Forest
2026-04-26 01:49:28 | INFO | User 'analyst' logged in as User
2026-04-26 01:49:28 | INFO | [analyst] selected mode: Trained data
2026-04-26 01:49:28 | INFO | [analyst] selected model: Isolation Forest
2026-04-26 01:49:35 | WARNING | Failed login attempt for username: None
2026-04-26 01:49:56 | WARNING | Failed login attempt for username: None
2026-04-26 01:54:22 | WARNING | Failed login attempt for username: None
2026-04-26 01:54:40 | INFO | User 'admin' logged in as Admin
2026-04-26 01:54:40 | INFO | [admin] selected mode: Trained data
2026-04-26 01:54:40 | INFO | [admin] selected model: Isolation Forest
2026-04-26 01:54:41 | INFO | User 'admin' logged in as Admin
2026-04-26 01:54:41 | INFO | [admin] selected mode: Trained data
2026-04-26 01:54:41 | INFO | [admin] selected model: Isolation Forest
2026-04-26 01:54:41 | INFO | User 'admin' logged in as Admin
2026-04-26 01:54:41 | INFO | [admin] selected mode: Trained data
2026-04-26 01:54:41 | INFO | [admin] selected model: Isolation Forest
2026-04-26 01:54:44 | INFO | User 'admin' logged in as Admin
2026-04-26 01:54:44 | INFO | [admin] selected mode: Trained data
2026-04-26 01:54:44 | INFO | [admin] selected model: Isolation Forest
2026-04-26 01:54:52 | WARNING | Failed login attempt for username: None
2026-04-26 01:55:25 | WARNING | Failed login attempt for username: None
2026-04-26 01:58:39 | WARNING | Failed login attempt for username: None
2026-04-26 01:58:41 | WARNING | Failed login attempt for username: None
2026-04-26 01:59:33 | WARNING | Failed login attempt for username: None
2026-04-26 01:59:36 | WARNING | Failed login attempt for username: None
2026-04-26 21:41:25 | WARNING | Failed login attempt for username: None
2026-04-26 21:41:37 | INFO | User 'admin' logged in as Admin
2026-04-26 21:41:37 | INFO | [admin] selected mode: Trained data
2026-04-26 21:41:37 | INFO | [admin] selected model: Isolation Forest
2026-04-26 21:41:38 | INFO | User 'admin' logged in as Admin
2026-04-26 21:41:38 | INFO | User 'admin' logged in as Admin
2026-04-26 21:41:38 | INFO | [admin] selected mode: Trained data
2026-04-26 21:41:38 | INFO | [admin] selected model: Isolation Forest
2026-04-26 21:42:16 | INFO | User 'admin' logged in as Admin
2026-04-26 21:42:16 | INFO | [admin] selected mode: Trained data
2026-04-26 21:42:16 | INFO | [admin] selected model: Isolation Forest
2026-04-26 21:42:20 | INFO | User 'admin' logged in as Admin
2026-04-26 21:42:20 | INFO | [admin] selected mode: Trained data
2026-04-26 21:42:20 | INFO | [admin] selected model: Isolation Forest
2026-04-26 21:42:24 | INFO | User 'admin' logged in as Admin
2026-04-26 21:42:24 | INFO | [admin] selected mode: Trained data
2026-04-26 21:42:24 | INFO | [admin] selected model: Isolation Forest
2026-04-26 21:43:57 | INFO | User 'admin' logged in as Admin
2026-04-26 21:43:57 | INFO | [admin] selected mode: Trained data
2026-04-26 21:43:57 | INFO | [admin] selected model: Isolation Forest
2026-04-26 21:44:04 | INFO | User 'admin' logged in as Admin
2026-04-26 21:44:04 | INFO | [admin] selected mode: Trained data
2026-04-26 21:44:04 | INFO | [admin] selected model: Isolation Forest
2026-04-26 21:44:22 | INFO | User 'admin' logged in as Admin
2026-04-26 21:44:22 | INFO | [admin] selected mode: Trained data
2026-04-26 21:44:22 | INFO | [admin] selected model: Isolation Forest
2026-04-26 21:44:25 | INFO | User 'admin' logged in as Admin
2026-04-26 21:44:25 | INFO | [admin] selected mode: Trained data
2026-04-26 21:44:25 | INFO | [admin] selected model: Isolation Forest
2026-04-26 21:44:26 | INFO | Retraining started
2026-04-26 21:44:26 | INFO | Combined dataset: 2512 old + 2512 new = 5024 total
2026-04-26 21:44:26 | INFO | Training new Isolation Forest...
2026-04-26 21:44:26 | INFO | Training new Autoencoder...
2026-04-26 21:44:57 | INFO | Retraining complete: {'test_size': 1005, 'old_iso_flagged': 53, 'new_iso_flagged': 57, 'old_iso_pct': np.float64(5.27), 'new_iso_pct': np.float64(5.67), 'new_ae_flagged': 51, 'new_ae_pct': np.float64(5.07), 'training_samples': 4019}
2026-04-26 21:44:57 | INFO | [admin] triggered retraining successfully
2026-04-26 21:45:35 | INFO | User 'admin' logged in as Admin
2026-04-26 21:45:35 | INFO | [admin] selected mode: Trained data
2026-04-26 21:45:35 | INFO | [admin] selected model: Isolation Forest
2026-04-26 21:45:36 | INFO | New models discarded.
2026-04-26 21:45:36 | INFO | [admin] discarded new models
2026-04-26 21:45:36 | INFO | User 'admin' logged in as Admin
2026-04-26 21:45:36 | INFO | [admin] selected mode: Trained data
2026-04-26 21:45:36 | INFO | [admin] selected model: Isolation Forest
2026-04-26 21:45:41 | INFO | User 'admin' logged in as Admin
2026-04-26 21:45:41 | INFO | [admin] selected mode: Trained data
2026-04-26 21:45:41 | INFO | [admin] selected model: Isolation Forest
2026-04-26 21:49:40 | INFO | User 'admin' logged in as Admin
2026-04-26 21:49:40 | INFO | [admin] selected mode: Trained data
2026-04-26 21:49:40 | INFO | [admin] selected model: Isolation Forest
2026-04-26 21:49:45 | INFO | User 'admin' logged in as Admin
2026-04-26 21:49:45 | INFO | [admin] selected mode: Trained data
2026-04-26 21:49:45 | INFO | [admin] selected model: Isolation Forest
2026-04-26 21:49:54 | INFO | User 'user' logged in as User
2026-04-26 21:49:54 | INFO | [user] selected mode: Trained data
2026-04-26 21:49:54 | INFO | [user] selected model: Isolation Forest
2026-04-26 21:49:55 | INFO | User 'user' logged in as User
2026-04-26 21:49:55 | INFO | [user] selected mode: Trained data
2026-04-26 21:49:55 | INFO | [user] selected model: Isolation Forest
2026-04-26 21:49:55 | INFO | User 'user' logged in as User
2026-04-26 21:49:55 | INFO | [user] selected mode: Trained data
2026-04-26 21:49:55 | INFO | [user] selected model: Isolation Forest
2026-04-26 21:50:10 | INFO | User 'user' logged in as User
2026-04-26 21:50:10 | INFO | [user] selected mode: Upload
2026-04-26 21:50:10 | INFO | [user] selected model: Isolation Forest
2026-04-26 21:50:24 | INFO | User 'user' logged in as User
2026-04-26 21:50:24 | INFO | [user] selected mode: Trained data
2026-04-26 21:50:24 | INFO | [user] selected model: Isolation Forest
